PLINK v1.90b4.4 64-bit (21 May 2017)
Options in effect:
  --bfile hapmap1
  --make-bed
  --mind 0.1
  --out hapmap1_CR

Hostname: cn3212
Working directory: /gpfs/gsfs9/users/LNG/makariousmb/Seminar_JupyterBiowulf
Start time: Fri Aug  2 08:13:00 2019

Random number seed: 1564747980
257652 MB RAM detected; reserving 128826 MB for main workspace.
83534 variants loaded from .bim file.
89 people (89 males, 0 females) loaded from .fam.
89 phenotype values loaded from .fam.
0 people removed due to missing genotype data (--mind).
Using 1 thread (no multithreaded calculations invoked).
Before main variant filters, 89 founders and 0 nonfounders present.
Calculating allele frequencies... done.
Total genotyping rate is 0.99441.
83534 variants and 89 people pass filters and QC.
Among remaining phenotypes, 44 are cases and 45 are controls.
--make-bed to hapmap1_CR.bed + hapmap1_CR.bim + hapmap1_CR.fam ... done.

End time: Fri Aug  2 08:13:00 2019
